0 verbose cli /usr/bin/node /usr/local/bin/npm
1 info using npm@10.8.2
2 info using node@v18.19.1
3 silly config load:file:/usr/local/lib/node_modules/npm/npmrc
4 silly config load:file:/root/.npmrc
5 silly config load:file:/etc/npmrc
6 verbose title npm install @swisstronik/utils
7 verbose argv "install" "@swisstronik/utils"
8 verbose logfile logs-max:10 dir:/root/.npm/_logs/2024-08-22T15_55_56_809Z-
9 verbose logfile /root/.npm/_logs/2024-08-22T15_55_56_809Z-debug-0.log
10 silly packumentCache heap:2103705600 maxSize:525926400 maxEntrySize:262963200
11 silly logfile start cleaning logs, removing 1 files
12 silly logfile done cleaning log files
13 silly idealTree buildDeps
14 silly fetch manifest @swisstronik/utils@*
15 silly packumentCache full:https://registry.npmjs.org/@swisstronik%2futils cache-miss
16 http fetch GET 200 https://registry.npmjs.org/@swisstronik%2futils 948ms (cache miss)
17 silly packumentCache full:https://registry.npmjs.org/@swisstronik%2futils set size:undefined disposed:false
18 silly placeDep ROOT @swisstronik/utils@1.3.0 OK for:  want: *
19 silly fetch manifest @noble/hashes@^1.3.0
20 silly packumentCache full:https://registry.npmjs.org/@noble%2fhashes cache-miss
21 http fetch GET 200 https://registry.npmjs.org/@noble%2fhashes 297ms (cache miss)
22 silly packumentCache full:https://registry.npmjs.org/@noble%2fhashes set size:undefined disposed:false
23 silly fetch manifest @oasisprotocol/deoxysii@0.0.5
24 silly packumentCache full:https://registry.npmjs.org/@oasisprotocol%2fdeoxysii cache-miss
25 http fetch GET 200 https://registry.npmjs.org/@oasisprotocol%2fdeoxysii 750ms (cache miss)
26 silly packumentCache full:https://registry.npmjs.org/@oasisprotocol%2fdeoxysii set size:undefined disposed:false
27 silly fetch manifest axios@^1.3.6
28 silly packumentCache full:https://registry.npmjs.org/axios cache-miss
29 http fetch GET 200 https://registry.npmjs.org/axios 59ms (cache miss)
30 silly packumentCache full:https://registry.npmjs.org/axios set size:undefined disposed:false
31 silly fetch manifest bech32@^2.0.0
32 silly packumentCache full:https://registry.npmjs.org/bech32 cache-miss
33 http fetch GET 200 https://registry.npmjs.org/bech32 315ms (cache miss)
34 silly packumentCache full:https://registry.npmjs.org/bech32 set size:undefined disposed:false
35 silly fetch manifest ethers@5.7.2
36 silly packumentCache full:https://registry.npmjs.org/ethers cache-miss
37 http fetch GET 200 https://registry.npmjs.org/ethers 91ms (cache miss)
38 silly packumentCache full:https://registry.npmjs.org/ethers set size:undefined disposed:false
39 silly fetch manifest rlp@^3.0.0
40 silly packumentCache full:https://registry.npmjs.org/rlp cache-miss
41 http fetch GET 200 https://registry.npmjs.org/rlp 59ms (cache miss)
42 silly packumentCache full:https://registry.npmjs.org/rlp set size:undefined disposed:false
43 silly placeDep node_modules/@swisstronik/utils @noble/hashes@1.4.0 OK for: @swisstronik/utils@1.3.0 want: ^1.3.0
44 silly placeDep ROOT @oasisprotocol/deoxysii@0.0.5 OK for: @swisstronik/utils@1.3.0 want: 0.0.5
45 silly placeDep ROOT axios@1.7.4 OK for: @swisstronik/utils@1.3.0 want: ^1.3.6
46 silly placeDep ROOT bech32@2.0.0 OK for: @swisstronik/utils@1.3.0 want: ^2.0.0
47 silly placeDep ROOT ethers@5.7.2 OK for: @swisstronik/utils@1.3.0 want: 5.7.2
48 silly placeDep node_modules/@swisstronik/utils rlp@3.0.0 OK for: @swisstronik/utils@1.3.0 want: ^3.0.0
49 silly fetch manifest bsaes@0.0.2
50 silly packumentCache full:https://registry.npmjs.org/bsaes cache-miss
51 http fetch GET 200 https://registry.npmjs.org/bsaes 320ms (cache miss)
52 silly packumentCache full:https://registry.npmjs.org/bsaes set size:undefined disposed:false
53 silly fetch manifest uint32@^0.2.1
54 silly packumentCache full:https://registry.npmjs.org/uint32 cache-miss
55 http fetch GET 200 https://registry.npmjs.org/uint32 333ms (cache miss)
56 silly packumentCache full:https://registry.npmjs.org/uint32 set size:undefined disposed:false
57 silly fetch manifest form-data@^4.0.0
58 silly packumentCache full:https://registry.npmjs.org/form-data cache-miss
59 http fetch GET 200 https://registry.npmjs.org/form-data 43ms (cache miss)
60 silly packumentCache full:https://registry.npmjs.org/form-data set size:undefined disposed:false
61 silly fetch manifest proxy-from-env@^1.1.0
62 silly packumentCache full:https://registry.npmjs.org/proxy-from-env cache-miss
63 http fetch GET 200 https://registry.npmjs.org/proxy-from-env 50ms (cache miss)
64 silly packumentCache full:https://registry.npmjs.org/proxy-from-env set size:undefined disposed:false
65 silly fetch manifest @ethersproject/sha2@5.7.0
66 silly packumentCache full:https://registry.npmjs.org/@ethersproject%2fsha2 cache-miss
67 http fetch GET 200 https://registry.npmjs.org/@ethersproject%2fsha2 174ms (cache miss)
68 silly packumentCache full:https://registry.npmjs.org/@ethersproject%2fsha2 set size:undefined disposed:false
69 silly fetch manifest @ethersproject/basex@5.7.0
70 silly packumentCache full:https://registry.npmjs.org/@ethersproject%2fbasex cache-miss
71 http fetch GET 200 https://registry.npmjs.org/@ethersproject%2fbasex 209ms (cache miss)
72 silly packumentCache full:https://registry.npmjs.org/@ethersproject%2fbasex set size:undefined disposed:false
73 silly fetch manifest @ethersproject/units@5.7.0
74 silly packumentCache full:https://registry.npmjs.org/@ethersproject%2funits cache-miss
75 http fetch GET 200 https://registry.npmjs.org/@ethersproject%2funits 779ms (cache miss)
76 silly packumentCache full:https://registry.npmjs.org/@ethersproject%2funits set size:undefined disposed:false
77 silly fetch manifest @ethersproject/hdnode@5.7.0
78 silly packumentCache full:https://registry.npmjs.org/@ethersproject%2fhdnode cache-miss
79 http fetch GET 200 https://registry.npmjs.org/@ethersproject%2fhdnode 200ms (cache miss)
80 silly packumentCache full:https://registry.npmjs.org/@ethersproject%2fhdnode set size:undefined disposed:false
81 silly fetch manifest @ethersproject/pbkdf2@5.7.0
82 silly packumentCache full:https://registry.npmjs.org/@ethersproject%2fpbkdf2 cache-miss
83 http fetch GET 200 https://registry.npmjs.org/@ethersproject%2fpbkdf2 411ms (cache miss)
84 silly packumentCache full:https://registry.npmjs.org/@ethersproject%2fpbkdf2 set size:undefined disposed:false
85 silly fetch manifest @ethersproject/random@5.7.0
86 silly packumentCache full:https://registry.npmjs.org/@ethersproject%2frandom cache-miss
87 http fetch GET 200 https://registry.npmjs.org/@ethersproject%2frandom 178ms (cache miss)
88 silly packumentCache full:https://registry.npmjs.org/@ethersproject%2frandom set size:undefined disposed:false
89 silly fetch manifest @ethersproject/wallet@5.7.0
90 silly packumentCache full:https://registry.npmjs.org/@ethersproject%2fwallet cache-miss
91 http fetch GET 200 https://registry.npmjs.org/@ethersproject%2fwallet 124ms (cache miss)
92 silly packumentCache full:https://registry.npmjs.org/@ethersproject%2fwallet set size:undefined disposed:false
93 silly fetch manifest @ethersproject/solidity@5.7.0
94 silly packumentCache full:https://registry.npmjs.org/@ethersproject%2fsolidity cache-miss
95 http fetch GET 200 https://registry.npmjs.org/@ethersproject%2fsolidity 830ms (cache miss)
96 silly packumentCache full:https://registry.npmjs.org/@ethersproject%2fsolidity set size:undefined disposed:false
97 silly fetch manifest @ethersproject/contracts@5.7.0
98 silly packumentCache full:https://registry.npmjs.org/@ethersproject%2fcontracts cache-miss
99 http fetch GET 200 https://registry.npmjs.org/@ethersproject%2fcontracts 105ms (cache miss)
100 silly packumentCache full:https://registry.npmjs.org/@ethersproject%2fcontracts set size:undefined disposed:false
101 silly fetch manifest @ethersproject/providers@5.7.2
102 silly packumentCache full:https://registry.npmjs.org/@ethersproject%2fproviders cache-miss
103 http fetch GET 200 https://registry.npmjs.org/@ethersproject%2fproviders 167ms (cache miss)
104 silly packumentCache full:https://registry.npmjs.org/@ethersproject%2fproviders set size:undefined disposed:false
105 silly fetch manifest @ethersproject/wordlists@5.7.0
106 silly packumentCache full:https://registry.npmjs.org/@ethersproject%2fwordlists cache-miss
107 http fetch GET 200 https://registry.npmjs.org/@ethersproject%2fwordlists 156ms (cache miss)
108 silly packumentCache full:https://registry.npmjs.org/@ethersproject%2fwordlists set size:undefined disposed:false
109 silly fetch manifest @ethersproject/json-wallets@5.7.0
110 silly packumentCache full:https://registry.npmjs.org/@ethersproject%2fjson-wallets cache-miss
111 http fetch GET 200 https://registry.npmjs.org/@ethersproject%2fjson-wallets 159ms (cache miss)
112 silly packumentCache full:https://registry.npmjs.org/@ethersproject%2fjson-wallets set size:undefined disposed:false
113 silly placeDep ROOT bsaes@0.0.2 OK for: @oasisprotocol/deoxysii@0.0.5 want: 0.0.2
114 silly placeDep ROOT uint32@0.2.1 OK for: @oasisprotocol/deoxysii@0.0.5 want: ^0.2.1
115 silly placeDep ROOT form-data@4.0.0 OK for: axios@1.7.4 want: ^4.0.0
116 silly placeDep ROOT proxy-from-env@1.1.0 OK for: axios@1.7.4 want: ^1.1.0
117 silly fetch manifest asynckit@^0.4.0
118 silly packumentCache full:https://registry.npmjs.org/asynckit cache-miss
119 http fetch GET 200 https://registry.npmjs.org/asynckit 49ms (cache miss)
120 silly packumentCache full:https://registry.npmjs.org/asynckit set size:undefined disposed:false
121 silly fetch manifest combined-stream@^1.0.8
122 silly packumentCache full:https://registry.npmjs.org/combined-stream cache-miss
123 http fetch GET 200 https://registry.npmjs.org/combined-stream 69ms (cache miss)
124 silly packumentCache full:https://registry.npmjs.org/combined-stream set size:undefined disposed:false
125 silly fetch manifest mime-types@^2.1.12
126 silly packumentCache full:https://registry.npmjs.org/mime-types cache-miss
127 http fetch GET 200 https://registry.npmjs.org/mime-types 31ms (cache miss)
128 silly packumentCache full:https://registry.npmjs.org/mime-types set size:undefined disposed:false
129 silly placeDep ROOT @ethersproject/basex@5.7.0 OK for: ethers@5.7.2 want: 5.7.0
130 silly placeDep ROOT @ethersproject/contracts@5.7.0 OK for: ethers@5.7.2 want: 5.7.0
131 silly placeDep ROOT @ethersproject/hdnode@5.7.0 OK for: ethers@5.7.2 want: 5.7.0
132 silly placeDep ROOT @ethersproject/json-wallets@5.7.0 OK for: ethers@5.7.2 want: 5.7.0
133 silly placeDep ROOT @ethersproject/pbkdf2@5.7.0 OK for: ethers@5.7.2 want: 5.7.0
134 silly placeDep ROOT @ethersproject/providers@5.7.2 OK for: ethers@5.7.2 want: 5.7.2
135 silly placeDep ROOT @ethersproject/random@5.7.0 OK for: ethers@5.7.2 want: 5.7.0
136 silly placeDep ROOT @ethersproject/sha2@5.7.0 OK for: ethers@5.7.2 want: 5.7.0
137 silly placeDep ROOT @ethersproject/solidity@5.7.0 OK for: ethers@5.7.2 want: 5.7.0
138 silly placeDep ROOT @ethersproject/units@5.7.0 OK for: ethers@5.7.2 want: 5.7.0
139 silly placeDep ROOT @ethersproject/wallet@5.7.0 OK for: ethers@5.7.2 want: 5.7.0
140 silly placeDep ROOT @ethersproject/wordlists@5.7.0 OK for: ethers@5.7.2 want: 5.7.0
141 silly fetch manifest @ethersproject/pbkdf2@^5.7.0
142 silly packumentCache full:https://registry.npmjs.org/@ethersproject%2fpbkdf2 cache-miss
143 http fetch GET 200 https://registry.npmjs.org/@ethersproject%2fpbkdf2 27ms (cache hit)
144 silly packumentCache full:https://registry.npmjs.org/@ethersproject%2fpbkdf2 set size:102516 disposed:false
145 silly fetch manifest @ethersproject/sha2@^5.7.0
146 silly packumentCache full:https://registry.npmjs.org/@ethersproject%2fsha2 cache-miss
147 http fetch GET 200 https://registry.npmjs.org/@ethersproject%2fsha2 6ms (cache hit)
148 silly packumentCache full:https://registry.npmjs.org/@ethersproject%2fsha2 set size:104465 disposed:false
149 silly fetch manifest @ethersproject/wordlists@^5.7.0
150 silly packumentCache full:https://registry.npmjs.org/@ethersproject%2fwordlists cache-miss
151 http fetch GET 200 https://registry.npmjs.org/@ethersproject%2fwordlists 4ms (cache hit)
152 silly packumentCache full:https://registry.npmjs.org/@ethersproject%2fwordlists set size:118702 disposed:false
153 silly fetch manifest @ethersproject/random@^5.7.0
154 silly packumentCache full:https://registry.npmjs.org/@ethersproject%2frandom cache-miss
155 http fetch GET 200 https://registry.npmjs.org/@ethersproject%2frandom 4ms (cache hit)
156 silly packumentCache full:https://registry.npmjs.org/@ethersproject%2frandom set size:104380 disposed:false
157 silly fetch manifest aes-js@3.0.0
158 silly packumentCache full:https://registry.npmjs.org/aes-js cache-miss
159 http fetch GET 200 https://registry.npmjs.org/aes-js 51ms (cache miss)
160 silly packumentCache full:https://registry.npmjs.org/aes-js set size:undefined disposed:false
161 silly fetch manifest bech32@1.1.4
162 silly packumentCache full:https://registry.npmjs.org/bech32 cache-miss
163 http fetch GET 200 https://registry.npmjs.org/bech32 4ms (cache hit)
164 silly packumentCache full:https://registry.npmjs.org/bech32 set size:20789 disposed:false
165 silly fetch manifest ws@7.4.6
166 silly packumentCache full:https://registry.npmjs.org/ws cache-miss
167 http fetch GET 200 https://registry.npmjs.org/ws 66ms (cache miss)
168 silly packumentCache full:https://registry.npmjs.org/ws set size:undefined disposed:false
169 silly placeDep ROOT aes-js@3.0.0 OK for: @ethersproject/json-wallets@5.7.0 want: 3.0.0
170 silly fetch manifest bufferutil@^4.0.1
171 silly packumentCache full:https://registry.npmjs.org/bufferutil cache-miss
172 http fetch GET 200 https://registry.npmjs.org/bufferutil 105ms (cache miss)
173 silly packumentCache full:https://registry.npmjs.org/bufferutil set size:undefined disposed:false
174 silly fetch manifest utf-8-validate@^5.0.2
175 silly packumentCache full:https://registry.npmjs.org/utf-8-validate cache-miss
176 http fetch GET 200 https://registry.npmjs.org/utf-8-validate 41ms (cache miss)
177 silly packumentCache full:https://registry.npmjs.org/utf-8-validate set size:undefined disposed:false
178 silly placeDep node_modules/@ethersproject/providers bech32@1.1.4 OK for: @ethersproject/providers@5.7.2 want: 1.1.4
179 silly placeDep node_modules/@ethersproject/providers ws@7.4.6 OK for: @ethersproject/providers@5.7.2 want: 7.4.6
180 silly placeDep ROOT asynckit@0.4.0 OK for: form-data@4.0.0 want: ^0.4.0
181 silly placeDep ROOT combined-stream@1.0.8 OK for: form-data@4.0.0 want: ^1.0.8
182 silly placeDep ROOT mime-types@2.1.35 OK for: form-data@4.0.0 want: ^2.1.12
183 silly fetch manifest delayed-stream@~1.0.0
184 silly packumentCache full:https://registry.npmjs.org/delayed-stream cache-miss
185 http fetch GET 200 https://registry.npmjs.org/delayed-stream 47ms (cache miss)
186 silly packumentCache full:https://registry.npmjs.org/delayed-stream set size:undefined disposed:false
187 silly fetch manifest mime-db@1.52.0
188 silly packumentCache full:https://registry.npmjs.org/mime-db cache-miss
189 http fetch GET 200 https://registry.npmjs.org/mime-db 33ms (cache miss)
190 silly packumentCache full:https://registry.npmjs.org/mime-db set size:undefined disposed:false
191 silly placeDep ROOT delayed-stream@1.0.0 OK for: combined-stream@1.0.8 want: ~1.0.0
192 silly placeDep ROOT mime-db@1.52.0 OK for: mime-types@2.1.35 want: 1.52.0
193 silly reify moves {}
194 silly audit bulk request {
194 silly audit   '@ethersproject/abi': [ '5.7.0' ],
194 silly audit   '@ethersproject/abstract-provider': [ '5.7.0' ],
194 silly audit   '@ethersproject/abstract-signer': [ '5.7.0' ],
194 silly audit   '@ethersproject/address': [ '5.7.0' ],
194 silly audit   '@ethersproject/base64': [ '5.7.0' ],
194 silly audit   '@ethersproject/bignumber': [ '5.7.0' ],
194 silly audit   '@ethersproject/bytes': [ '5.7.0' ],
194 silly audit   '@ethersproject/constants': [ '5.7.0' ],
194 silly audit   '@ethersproject/hash': [ '5.7.0' ],
194 silly audit   '@ethersproject/keccak256': [ '5.7.0' ],
194 silly audit   '@ethersproject/logger': [ '5.7.0' ],
194 silly audit   '@ethersproject/networks': [ '5.7.1' ],
194 silly audit   '@ethersproject/properties': [ '5.7.0' ],
194 silly audit   '@ethersproject/rlp': [ '5.7.0' ],
194 silly audit   '@ethersproject/signing-key': [ '5.7.0' ],
194 silly audit   '@ethersproject/strings': [ '5.7.0' ],
194 silly audit   '@ethersproject/transactions': [ '5.7.0' ],
194 silly audit   '@ethersproject/web': [ '5.7.1' ],
194 silly audit   '@fastify/busboy': [ '2.1.1' ],
194 silly audit   '@metamask/eth-sig-util': [ '4.0.1' ],
194 silly audit   '@noble/hashes': [ '1.2.0', '1.4.0' ],
194 silly audit   '@noble/secp256k1': [ '1.7.1' ],
194 silly audit   '@nomicfoundation/edr': [ '0.5.2' ],
194 silly audit   '@nomicfoundation/edr-darwin-arm64': [ '0.5.2' ],
194 silly audit   '@nomicfoundation/edr-darwin-x64': [ '0.5.2' ],
194 silly audit   '@nomicfoundation/edr-linux-arm64-gnu': [ '0.5.2' ],
194 silly audit   '@nomicfoundation/edr-linux-arm64-musl': [ '0.5.2' ],
194 silly audit   '@nomicfoundation/edr-linux-x64-gnu': [ '0.5.2' ],
194 silly audit   '@nomicfoundation/edr-linux-x64-musl': [ '0.5.2' ],
194 silly audit   '@nomicfoundation/edr-win32-x64-msvc': [ '0.5.2' ],
194 silly audit   '@nomicfoundation/ethereumjs-common': [ '4.0.4' ],
194 silly audit   '@nomicfoundation/ethereumjs-rlp': [ '5.0.4' ],
194 silly audit   '@nomicfoundation/ethereumjs-tx': [ '5.0.4' ],
194 silly audit   'ethereum-cryptography': [ '0.1.3', '1.2.0' ],
194 silly audit   '@nomicfoundation/ethereumjs-util': [ '9.0.4' ],
194 silly audit   '@nomicfoundation/solidity-analyzer': [ '0.1.2' ],
194 silly audit   '@nomicfoundation/solidity-analyzer-darwin-arm64': [ '0.1.2' ],
194 silly audit   '@nomicfoundation/solidity-analyzer-darwin-x64': [ '0.1.2' ],
194 silly audit   '@nomicfoundation/solidity-analyzer-linux-arm64-gnu': [ '0.1.2' ],
194 silly audit   '@nomicfoundation/solidity-analyzer-linux-arm64-musl': [ '0.1.2' ],
194 silly audit   '@nomicfoundation/solidity-analyzer-linux-x64-gnu': [ '0.1.2' ],
194 silly audit   '@nomicfoundation/solidity-analyzer-linux-x64-musl': [ '0.1.2' ],
194 silly audit   '@nomicfoundation/solidity-analyzer-win32-x64-msvc': [ '0.1.2' ],
194 silly audit   '@scure/base': [ '1.1.7' ],
194 silly audit   '@scure/bip32': [ '1.1.5' ],
194 silly audit   '@scure/bip39': [ '1.1.1' ],
194 silly audit   '@sentry/core': [ '5.30.0' ],
194 silly audit   '@sentry/hub': [ '5.30.0' ],
194 silly audit   '@sentry/minimal': [ '5.30.0' ],
194 silly audit   '@sentry/node': [ '5.30.0' ],
194 silly audit   '@sentry/tracing': [ '5.30.0' ],
194 silly audit   '@sentry/types': [ '5.30.0' ],
194 silly audit   '@sentry/utils': [ '5.30.0' ],
194 silly audit   '@types/bn.js': [ '5.1.5', '4.11.6' ],
194 silly audit   '@types/lru-cache': [ '5.1.1' ],
194 silly audit   '@types/node': [ '22.5.0' ],
194 silly audit   '@types/pbkdf2': [ '3.1.2' ],
194 silly audit   '@types/secp256k1': [ '4.0.6' ],
194 silly audit   'adm-zip': [ '0.4.16' ],
194 silly audit   'agent-base': [ '6.0.2' ],
194 silly audit   'aggregate-error': [ '3.1.0' ],
194 silly audit   'ansi-align': [ '3.0.1' ],
194 silly audit   'ansi-colors': [ '4.1.3' ],
194 silly audit   'ansi-escapes': [ '4.3.2' ],
194 silly audit   'ansi-regex': [ '5.0.1' ],
194 silly audit   'ansi-styles': [ '3.2.1', '4.3.0' ],
194 silly audit   anymatch: [ '3.1.3' ],
194 silly audit   argparse: [ '2.0.1' ],
194 silly audit   'balanced-match': [ '1.0.2' ],
194 silly audit   'base-x': [ '3.0.10' ],
194 silly audit   'binary-extensions': [ '2.3.0' ],
194 silly audit   blakejs: [ '1.2.1' ],
194 silly audit   'bn.js': [ '5.2.1', '4.12.0' ],
194 silly audit   boxen: [ '5.1.2' ],
194 silly audit   chalk: [ '4.1.2', '2.4.2' ],
194 silly audit   'color-convert': [ '2.0.1', '1.9.3' ],
194 silly audit   'color-name': [ '1.1.4', '1.1.3' ],
194 silly audit   'has-flag': [ '4.0.0', '3.0.0' ],
194 silly audit   'supports-color': [ '7.2.0', '8.1.1', '5.5.0' ],
194 silly audit   'type-fest': [ '0.20.2', '0.7.1', '0.21.3' ],
194 silly audit   'brace-expansion': [ '1.1.11', '2.0.1' ],
194 silly audit   braces: [ '3.0.3' ],
194 silly audit   brorand: [ '1.1.0' ],
194 silly audit   'browser-stdout': [ '1.3.1' ],
194 silly audit   'browserify-aes': [ '1.2.0' ],
194 silly audit   bs58: [ '4.0.1' ],
194 silly audit   bs58check: [ '2.1.2' ],
194 silly audit   'buffer-from': [ '1.1.2' ],
194 silly audit   'buffer-xor': [ '1.0.3' ],
194 silly audit   bytes: [ '3.1.2' ],
194 silly audit   camelcase: [ '6.3.0' ],
194 silly audit   chokidar: [ '3.6.0' ],
194 silly audit   'ci-info': [ '2.0.0' ],
194 silly audit   'cipher-base': [ '1.0.4' ],
194 silly audit   'clean-stack': [ '2.2.0' ],
194 silly audit   'cli-boxes': [ '2.2.1' ],
194 silly audit   cliui: [ '7.0.4' ],
194 silly audit   'command-exists': [ '1.2.9' ],
194 silly audit   commander: [ '8.3.0' ],
194 silly audit   'concat-map': [ '0.0.1' ],
194 silly audit   cookie: [ '0.4.2' ],
194 silly audit   'create-hash': [ '1.2.0' ],
194 silly audit   'create-hmac': [ '1.1.7' ],
194 silly audit   debug: [ '4.3.6' ],
194 silly audit   decamelize: [ '4.0.0' ],
194 silly audit   depd: [ '2.0.0' ],
194 silly audit   diff: [ '5.2.0' ],
194 silly audit   dotenv: [ '16.4.5' ],
194 silly audit   elliptic: [ '6.5.4' ],
194 silly audit   'emoji-regex': [ '8.0.0' ],
194 silly audit   enquirer: [ '2.4.1' ],
194 silly audit   'env-paths': [ '2.2.1' ],
194 silly audit   escalade: [ '3.1.2' ],
194 silly audit   'escape-string-regexp': [ '1.0.5', '4.0.0' ],
194 silly audit   'ethereumjs-abi': [ '0.6.8' ],
194 silly audit   'ethereumjs-util': [ '6.2.1' ],
194 silly audit   'ethjs-util': [ '0.1.6' ],
194 silly audit   evp_bytestokey: [ '1.0.3' ],
194 silly audit   'fill-range': [ '7.1.1' ],
194 silly audit   'find-up': [ '2.1.0', '5.0.0' ],
194 silly audit   flat: [ '5.0.2' ],
194 silly audit   'follow-redirects': [ '1.15.6' ],
194 silly audit   'fp-ts': [ '1.19.3' ],
194 silly audit   'fs-extra': [ '7.0.1' ],
194 silly audit   'fs.realpath': [ '1.0.0' ],
194 silly audit   fsevents: [ '2.3.3' ],
194 silly audit   'get-caller-file': [ '2.0.5' ],
194 silly audit   glob: [ '7.2.0', '8.1.0' ],
194 silly audit   'glob-parent': [ '5.1.2' ],
194 silly audit   'graceful-fs': [ '4.2.11' ],
194 silly audit   hardhat: [ '2.22.9' ],
194 silly audit   'hash-base': [ '3.1.0' ],
194 silly audit   'hash.js': [ '1.1.7' ],
194 silly audit   he: [ '1.2.0' ],
194 silly audit   'hmac-drbg': [ '1.0.1' ],
194 silly audit   'http-errors': [ '2.0.0' ],
194 silly audit   'https-proxy-agent': [ '5.0.1' ],
194 silly audit   'iconv-lite': [ '0.4.24' ],
194 silly audit   immutable: [ '4.3.7' ],
194 silly audit   'indent-string': [ '4.0.0' ],
194 silly audit   inflight: [ '1.0.6' ],
194 silly audit   inherits: [ '2.0.4' ],
194 silly audit   'io-ts': [ '1.10.4' ],
194 silly audit   'is-binary-path': [ '2.1.0' ],
194 silly audit   'is-extglob': [ '2.1.1' ],
194 silly audit   'is-fullwidth-code-point': [ '3.0.0' ],
194 silly audit   'is-glob': [ '4.0.3' ],
194 silly audit   'is-hex-prefixed': [ '1.0.0' ],
194 silly audit   'is-number': [ '7.0.0' ],
194 silly audit   'is-plain-obj': [ '2.1.0' ],
194 silly audit   'is-unicode-supported': [ '0.1.0' ],
194 silly audit   'js-sha3': [ '0.8.0' ],
194 silly audit   'js-yaml': [ '4.1.0' ],
194 silly audit   jsonfile: [ '4.0.0' ],
194 silly audit   keccak: [ '3.0.4' ],
194 silly audit   'locate-path': [ '2.0.0', '6.0.0' ],
194 silly audit   lodash: [ '4.17.21' ],
194 silly audit   'log-symbols': [ '4.1.0' ],
194 silly audit   lru_map: [ '0.3.3' ],
194 silly audit   'md5.js': [ '1.3.5' ],
194 silly audit   memorystream: [ '0.3.1' ],
194 silly audit   'minimalistic-assert': [ '1.0.1' ],
194 silly audit   'minimalistic-crypto-utils': [ '1.0.1' ],
194 silly audit   minimatch: [ '3.1.2', '5.1.6' ],
194 silly audit   mnemonist: [ '0.38.5' ],
194 silly audit   mocha: [ '10.7.3' ],
194 silly audit   ms: [ '2.1.3', '2.1.2' ],
194 silly audit   'p-limit': [ '3.1.0', '1.3.0' ],
194 silly audit   'p-locate': [ '5.0.0', '2.0.0' ],
194 silly audit   'path-exists': [ '4.0.0', '3.0.0' ],
194 silly audit   'node-addon-api': [ '2.0.2' ],
194 silly audit   'node-gyp-build': [ '4.8.1' ],
194 silly audit   'normalize-path': [ '3.0.0' ],
194 silly audit   obliterator: [ '2.0.4' ],
194 silly audit   once: [ '1.4.0' ],
194 silly audit   'os-tmpdir': [ '1.0.2' ],
194 silly audit   'p-map': [ '4.0.0' ],
194 silly audit   'p-try': [ '1.0.0' ],
194 silly audit   'path-is-absolute': [ '1.0.1' ],
194 silly audit   'path-parse': [ '1.0.7' ],
194 silly audit   pbkdf2: [ '3.1.2' ],
194 silly audit   picomatch: [ '2.3.1' ],
194 silly audit   randombytes: [ '2.1.0' ],
194 silly audit   'raw-body': [ '2.5.2' ],
194 silly audit   'readable-stream': [ '3.6.2' ],
194 silly audit   readdirp: [ '3.6.0' ],
194 silly audit   'require-directory': [ '2.1.1' ],
194 silly audit   resolve: [ '1.17.0' ],
194 silly audit   ripemd160: [ '2.0.2' ],
194 silly audit   rlp: [ '2.2.7', '3.0.0' ],
194 silly audit   'safe-buffer': [ '5.2.1' ],
194 silly audit   'safer-buffer': [ '2.1.2' ],
194 silly audit   'scrypt-js': [ '3.0.1' ],
194 silly audit   secp256k1: [ '4.0.3' ],
194 silly audit   semver: [ '6.3.1', '5.7.2' ],
194 silly audit   'serialize-javascript': [ '6.0.2' ],
194 silly audit   setimmediate: [ '1.0.5' ],
194 silly audit   setprototypeof: [ '1.2.0' ],
194 silly audit   'sha.js': [ '2.4.11' ],
194 silly audit   solc: [ '0.8.26' ],
194 silly audit   'source-map': [ '0.6.1' ],
194 silly audit   'source-map-support': [ '0.5.21' ],
194 silly audit   'stacktrace-parser': [ '0.1.10' ],
194 silly audit   statuses: [ '2.0.1' ],
194 silly audit   string_decoder: [ '1.3.0' ],
194 silly audit   'string-width': [ '4.2.3' ],
194 silly audit   'strip-ansi': [ '6.0.1' ],
194 silly audit   'strip-hex-prefix': [ '1.0.0' ],
194 silly audit   'strip-json-comments': [ '3.1.1' ],
194 silly audit   tmp: [ '0.0.33' ],
194 silly audit   'to-regex-range': [ '5.0.1' ],
194 silly audit   toidentifier: [ '1.0.1' ],
194 silly audit   tslib: [ '1.14.1' ],
194 silly audit   tsort: [ '0.0.1' ],
194 silly audit   tweetnacl: [ '1.0.3' ],
194 silly audit   'tweetnacl-util': [ '0.15.1' ],
194 silly audit   undici: [ '5.28.4' ],
194 silly audit   'undici-types': [ '6.19.8' ],
194 silly audit   universalify: [ '0.1.2' ],
194 silly audit   unpipe: [ '1.0.0' ],
194 silly audit   'util-deprecate': [ '1.0.2' ],
194 silly audit   uuid: [ '8.3.2' ],
194 silly audit   'widest-line': [ '3.1.0' ],
194 silly audit   workerpool: [ '6.5.1' ],
194 silly audit   'wrap-ansi': [ '7.0.0' ],
194 silly audit   wrappy: [ '1.0.2' ],
194 silly audit   ws: [ '7.5.10', '7.4.6' ],
194 silly audit   y18n: [ '5.0.8' ],
194 silly audit   yargs: [ '16.2.0' ],
194 silly audit   'yargs-parser': [ '20.2.9' ],
194 silly audit   'yargs-unparser': [ '2.0.0' ],
194 silly audit   'yocto-queue': [ '0.1.0' ],
194 silly audit   '@swisstronik/utils': [ '1.3.0' ],
194 silly audit   '@oasisprotocol/deoxysii': [ '0.0.5' ],
194 silly audit   axios: [ '1.7.4' ],
194 silly audit   bech32: [ '2.0.0', '1.1.4' ],
194 silly audit   ethers: [ '5.7.2' ],
194 silly audit   bsaes: [ '0.0.2' ],
194 silly audit   uint32: [ '0.2.1' ],
194 silly audit   'form-data': [ '4.0.0' ],
194 silly audit   'proxy-from-env': [ '1.1.0' ],
194 silly audit   '@ethersproject/basex': [ '5.7.0' ],
194 silly audit   '@ethersproject/contracts': [ '5.7.0' ],
194 silly audit   '@ethersproject/hdnode': [ '5.7.0' ],
194 silly audit   '@ethersproject/json-wallets': [ '5.7.0' ],
194 silly audit   '@ethersproject/pbkdf2': [ '5.7.0' ],
194 silly audit   '@ethersproject/providers': [ '5.7.2' ],
194 silly audit   '@ethersproject/random': [ '5.7.0' ],
194 silly audit   '@ethersproject/sha2': [ '5.7.0' ],
194 silly audit   '@ethersproject/solidity': [ '5.7.0' ],
194 silly audit   '@ethersproject/units': [ '5.7.0' ],
194 silly audit   '@ethersproject/wallet': [ '5.7.0' ],
194 silly audit   '@ethersproject/wordlists': [ '5.7.0' ],
194 silly audit   'aes-js': [ '3.0.0' ],
194 silly audit   asynckit: [ '0.4.0' ],
194 silly audit   'combined-stream': [ '1.0.8' ],
194 silly audit   'mime-types': [ '2.1.35' ],
194 silly audit   'delayed-stream': [ '1.0.0' ],
194 silly audit   'mime-db': [ '1.52.0' ]
194 silly audit }
195 verbose reify failed optional dependency /root/node_modules/fsevents
196 silly reify mark deleted [ '/root/node_modules/fsevents' ]
197 silly tarball no local data for mime-db@https://registry.npmjs.org/mime-db/-/mime-db-1.52.0.tgz. Extracting by manifest.
198 silly tarball no local data for delayed-stream@https://registry.npmjs.org/delayed-stream/-/delayed-stream-1.0.0.tgz. Extracting by manifest.
199 silly tarball no local data for mime-types@https://registry.npmjs.org/mime-types/-/mime-types-2.1.35.tgz. Extracting by manifest.
200 silly tarball no local data for combined-stream@https://registry.npmjs.org/combined-stream/-/combined-stream-1.0.8.tgz. Extracting by manifest.
201 silly tarball no local data for asynckit@https://registry.npmjs.org/asynckit/-/asynckit-0.4.0.tgz. Extracting by manifest.
202 silly tarball no local data for aes-js@https://registry.npmjs.org/aes-js/-/aes-js-3.0.0.tgz. Extracting by manifest.
203 silly tarball no local data for @ethersproject/wordlists@https://registry.npmjs.org/@ethersproject/wordlists/-/wordlists-5.7.0.tgz. Extracting by manifest.
204 silly tarball no local data for @ethersproject/wallet@https://registry.npmjs.org/@ethersproject/wallet/-/wallet-5.7.0.tgz. Extracting by manifest.
205 silly tarball no local data for @ethersproject/units@https://registry.npmjs.org/@ethersproject/units/-/units-5.7.0.tgz. Extracting by manifest.
206 silly tarball no local data for @ethersproject/solidity@https://registry.npmjs.org/@ethersproject/solidity/-/solidity-5.7.0.tgz. Extracting by manifest.
207 silly tarball no local data for @ethersproject/sha2@https://registry.npmjs.org/@ethersproject/sha2/-/sha2-5.7.0.tgz. Extracting by manifest.
208 silly tarball no local data for @ethersproject/random@https://registry.npmjs.org/@ethersproject/random/-/random-5.7.0.tgz. Extracting by manifest.
209 silly tarball no local data for @ethersproject/providers@https://registry.npmjs.org/@ethersproject/providers/-/providers-5.7.2.tgz. Extracting by manifest.
210 silly tarball no local data for @ethersproject/pbkdf2@https://registry.npmjs.org/@ethersproject/pbkdf2/-/pbkdf2-5.7.0.tgz. Extracting by manifest.
211 silly tarball no local data for @ethersproject/json-wallets@https://registry.npmjs.org/@ethersproject/json-wallets/-/json-wallets-5.7.0.tgz. Extracting by manifest.
212 silly tarball no local data for @ethersproject/hdnode@https://registry.npmjs.org/@ethersproject/hdnode/-/hdnode-5.7.0.tgz. Extracting by manifest.
213 silly tarball no local data for @ethersproject/contracts@https://registry.npmjs.org/@ethersproject/contracts/-/contracts-5.7.0.tgz. Extracting by manifest.
214 silly tarball no local data for @ethersproject/basex@https://registry.npmjs.org/@ethersproject/basex/-/basex-5.7.0.tgz. Extracting by manifest.
215 silly tarball no local data for proxy-from-env@https://registry.npmjs.org/proxy-from-env/-/proxy-from-env-1.1.0.tgz. Extracting by manifest.
216 silly tarball no local data for form-data@https://registry.npmjs.org/form-data/-/form-data-4.0.0.tgz. Extracting by manifest.
217 silly tarball no local data for uint32@https://registry.npmjs.org/uint32/-/uint32-0.2.1.tgz. Extracting by manifest.
218 silly tarball no local data for bsaes@https://registry.npmjs.org/bsaes/-/bsaes-0.0.2.tgz. Extracting by manifest.
219 silly tarball no local data for ethers@https://registry.npmjs.org/ethers/-/ethers-5.7.2.tgz. Extracting by manifest.
220 silly tarball no local data for bech32@https://registry.npmjs.org/bech32/-/bech32-2.0.0.tgz. Extracting by manifest.
221 silly tarball no local data for axios@https://registry.npmjs.org/axios/-/axios-1.7.4.tgz. Extracting by manifest.
222 silly tarball no local data for @oasisprotocol/deoxysii@https://registry.npmjs.org/@oasisprotocol/deoxysii/-/deoxysii-0.0.5.tgz. Extracting by manifest.
223 silly tarball no local data for @swisstronik/utils@https://registry.npmjs.org/@swisstronik/utils/-/utils-1.3.0.tgz. Extracting by manifest.
224 silly tarball no local data for ws@https://registry.npmjs.org/ws/-/ws-7.4.6.tgz. Extracting by manifest.
225 silly tarball no local data for bech32@https://registry.npmjs.org/bech32/-/bech32-1.1.4.tgz. Extracting by manifest.
226 silly tarball no local data for rlp@https://registry.npmjs.org/rlp/-/rlp-3.0.0.tgz. Extracting by manifest.
227 silly tarball no local data for @noble/hashes@https://registry.npmjs.org/@noble/hashes/-/hashes-1.4.0.tgz. Extracting by manifest.
228 http fetch POST 200 https://registry.npmjs.org/-/npm/v1/security/advisories/bulk 309ms
229 silly audit report {
229 silly audit report   elliptic: [
229 silly audit report     {
229 silly audit report       id: 1098593,
229 silly audit report       url: 'https://github.com/advisories/GHSA-f7q4-pwc6-w24p',
229 silly audit report       title: "Elliptic's EDDSA missing signature length check",
229 silly audit report       severity: 'low',
229 silly audit report       vulnerable_versions: '>=4.0.0 <=6.5.6',
229 silly audit report       cwe: [Array],
229 silly audit report       cvss: [Object]
229 silly audit report     },
229 silly audit report     {
229 silly audit report       id: 1098594,
229 silly audit report       url: 'https://github.com/advisories/GHSA-977x-g7h5-7qgw',
229 silly audit report       title: "Elliptic's ECDSA missing check for whether leading bit of r and s is zero",
229 silly audit report       severity: 'low',
229 silly audit report       vulnerable_versions: '>=2.0.0 <=6.5.6',
229 silly audit report       cwe: [Array],
229 silly audit report       cvss: [Object]
229 silly audit report     },
229 silly audit report     {
229 silly audit report       id: 1098595,
229 silly audit report       url: 'https://github.com/advisories/GHSA-49q7-c7j4-3p7m',
229 silly audit report       title: 'Elliptic allows BER-encoded signatures',
229 silly audit report       severity: 'low',
229 silly audit report       vulnerable_versions: '>=5.2.1 <=6.5.6',
229 silly audit report       cwe: [Array],
229 silly audit report       cvss: [Object]
229 silly audit report     }
229 silly audit report   ],
229 silly audit report   ws: [
229 silly audit report     {
229 silly audit report       id: 1098393,
229 silly audit report       url: 'https://github.com/advisories/GHSA-3h5v-q93c-6h6q',
229 silly audit report       title: 'ws affected by a DoS when handling a request with many HTTP headers',
229 silly audit report       severity: 'high',
229 silly audit report       vulnerable_versions: '>=7.0.0 <7.5.10',
229 silly audit report       cwe: [Array],
229 silly audit report       cvss: [Object]
229 silly audit report     }
229 silly audit report   ]
229 silly audit report }
230 silly packumentCache corgi:https://registry.npmjs.org/elliptic cache-miss
231 silly packumentCache corgi:https://registry.npmjs.org/ws cache-miss
232 http fetch GET 200 https://registry.npmjs.org/combined-stream/-/combined-stream-1.0.8.tgz 647ms (cache miss)
233 http fetch GET 200 https://registry.npmjs.org/form-data/-/form-data-4.0.0.tgz 630ms (cache miss)
234 http fetch GET 200 https://registry.npmjs.org/mime-types/-/mime-types-2.1.35.tgz 672ms (cache miss)
235 http fetch GET 200 https://registry.npmjs.org/bsaes/-/bsaes-0.0.2.tgz 639ms (cache miss)
236 http fetch GET 200 https://registry.npmjs.org/delayed-stream/-/delayed-stream-1.0.0.tgz 675ms (cache miss)
237 http fetch GET 200 https://registry.npmjs.org/elliptic 408ms (cache hit)
238 silly packumentCache corgi:https://registry.npmjs.org/elliptic set size:64999 disposed:false
239 http fetch GET 200 https://registry.npmjs.org/bech32/-/bech32-1.1.4.tgz 667ms (cache miss)
240 http fetch GET 200 https://registry.npmjs.org/bech32/-/bech32-2.0.0.tgz 673ms (cache miss)
241 http fetch GET 200 https://registry.npmjs.org/uint32/-/uint32-0.2.1.tgz 692ms (cache miss)
242 http fetch GET 200 https://registry.npmjs.org/asynckit/-/asynckit-0.4.0.tgz 736ms (cache miss)
243 http fetch GET 200 https://registry.npmjs.org/proxy-from-env/-/proxy-from-env-1.1.0.tgz 718ms (cache miss)
244 http fetch GET 200 https://registry.npmjs.org/ws 480ms (cache revalidated)
245 silly packumentCache corgi:https://registry.npmjs.org/ws set size:190597 disposed:false
246 http fetch GET 200 https://registry.npmjs.org/@ethersproject/units/-/units-5.7.0.tgz 780ms (cache miss)
247 http fetch GET 200 https://registry.npmjs.org/@ethersproject/solidity/-/solidity-5.7.0.tgz 779ms (cache miss)
248 http fetch GET 200 https://registry.npmjs.org/rlp/-/rlp-3.0.0.tgz 748ms (cache miss)
249 http fetch GET 200 https://registry.npmjs.org/@ethersproject/basex/-/basex-5.7.0.tgz 779ms (cache miss)
250 http fetch GET 200 https://registry.npmjs.org/mime-db/-/mime-db-1.52.0.tgz 838ms (cache miss)
251 http fetch GET 200 https://registry.npmjs.org/@ethersproject/wallet/-/wallet-5.7.0.tgz 872ms (cache miss)
252 silly packumentCache corgi:https://registry.npmjs.org/@ethersproject%2fsigning-key cache-miss
253 silly packumentCache corgi:https://registry.npmjs.org/ethereumjs-util cache-miss
254 silly packumentCache corgi:https://registry.npmjs.org/secp256k1 cache-miss
255 http fetch GET 200 https://registry.npmjs.org/@ethersproject/pbkdf2/-/pbkdf2-5.7.0.tgz 872ms (cache miss)
256 http fetch GET 200 https://registry.npmjs.org/@ethersproject/sha2/-/sha2-5.7.0.tgz 900ms (cache miss)
257 http fetch GET 200 https://registry.npmjs.org/@ethersproject/hdnode/-/hdnode-5.7.0.tgz 895ms (cache miss)
258 http fetch GET 200 https://registry.npmjs.org/@ethersproject/random/-/random-5.7.0.tgz 902ms (cache miss)
259 http fetch GET 200 https://registry.npmjs.org/ws/-/ws-7.4.6.tgz 890ms (cache miss)
260 http fetch GET 200 https://registry.npmjs.org/@ethersproject%2fsigning-key 92ms (cache hit)
261 silly packumentCache corgi:https://registry.npmjs.org/@ethersproject%2fsigning-key set size:73186 disposed:false
262 http fetch GET 200 https://registry.npmjs.org/ethereumjs-util 92ms (cache hit)
263 silly packumentCache corgi:https://registry.npmjs.org/ethereumjs-util set size:95236 disposed:false
264 http fetch GET 200 https://registry.npmjs.org/secp256k1 93ms (cache hit)
265 silly packumentCache corgi:https://registry.npmjs.org/secp256k1 set size:62615 disposed:false
266 silly packumentCache corgi:https://registry.npmjs.org/@ethersproject%2fproviders cache-miss
267 http fetch GET 200 https://registry.npmjs.org/@ethersproject/contracts/-/contracts-5.7.0.tgz 979ms (cache miss)
268 http fetch GET 200 https://registry.npmjs.org/@ethersproject/json-wallets/-/json-wallets-5.7.0.tgz 1016ms (cache miss)
269 http fetch GET 200 https://registry.npmjs.org/@oasisprotocol/deoxysii/-/deoxysii-0.0.5.tgz 1031ms (cache miss)
270 http fetch GET 200 https://registry.npmjs.org/@ethersproject%2fproviders 350ms (cache miss)
271 silly packumentCache corgi:https://registry.npmjs.org/@ethersproject%2fproviders set size:undefined disposed:false
272 http fetch GET 200 https://registry.npmjs.org/@swisstronik/utils/-/utils-1.3.0.tgz 1356ms (cache miss)
273 silly packumentCache corgi:https://registry.npmjs.org/@ethersproject%2ftransactions cache-miss
274 silly packumentCache corgi:https://registry.npmjs.org/ethers cache-miss
275 silly packumentCache corgi:https://registry.npmjs.org/@ethersproject%2fhdnode cache-miss
276 silly packumentCache corgi:https://registry.npmjs.org/@ethersproject%2fwallet cache-miss
277 http fetch GET 200 https://registry.npmjs.org/@ethersproject%2ftransactions 80ms (cache hit)
278 silly packumentCache corgi:https://registry.npmjs.org/@ethersproject%2ftransactions set size:84280 disposed:false
279 http fetch GET 200 https://registry.npmjs.org/@ethersproject/wordlists/-/wordlists-5.7.0.tgz 1507ms (cache miss)
280 http fetch GET 200 https://registry.npmjs.org/aes-js/-/aes-js-3.0.0.tgz 1600ms (cache miss)
281 http fetch GET 200 https://registry.npmjs.org/@ethersproject%2fwallet 186ms (cache miss)
282 silly packumentCache corgi:https://registry.npmjs.org/@ethersproject%2fwallet set size:undefined disposed:false
283 http fetch GET 200 https://registry.npmjs.org/@ethersproject%2fhdnode 262ms (cache miss)
284 silly packumentCache corgi:https://registry.npmjs.org/@ethersproject%2fhdnode set size:undefined disposed:false
285 http fetch GET 200 https://registry.npmjs.org/@noble/hashes/-/hashes-1.4.0.tgz 1601ms (cache miss)
286 http fetch GET 200 https://registry.npmjs.org/ethers 294ms (cache miss)
287 silly packumentCache corgi:https://registry.npmjs.org/ethers set size:undefined disposed:false
288 silly packumentCache corgi:https://registry.npmjs.org/@ethersproject%2fabstract-provider cache-miss
289 silly packumentCache corgi:https://registry.npmjs.org/@ethersproject%2fcontracts cache-miss
290 silly packumentCache corgi:https://registry.npmjs.org/@ethersproject%2fjson-wallets cache-miss
291 http fetch GET 200 https://registry.npmjs.org/axios/-/axios-1.7.4.tgz 1939ms (cache miss)
292 http fetch GET 200 https://registry.npmjs.org/@ethersproject%2fabstract-provider 95ms (cache hit)
293 silly packumentCache corgi:https://registry.npmjs.org/@ethersproject%2fabstract-provider set size:85713 disposed:false
294 http fetch GET 200 https://registry.npmjs.org/@ethersproject/providers/-/providers-5.7.2.tgz 1974ms (cache miss)
295 http fetch GET 200 https://registry.npmjs.org/@ethersproject%2fcontracts 178ms (cache miss)
296 silly packumentCache corgi:https://registry.npmjs.org/@ethersproject%2fcontracts set size:undefined disposed:false
297 http fetch GET 200 https://registry.npmjs.org/@ethersproject%2fjson-wallets 184ms (cache miss)
298 silly packumentCache corgi:https://registry.npmjs.org/@ethersproject%2fjson-wallets set size:undefined disposed:false
299 silly packumentCache corgi:https://registry.npmjs.org/@swisstronik%2futils cache-miss
300 http fetch GET 200 https://registry.npmjs.org/ethers/-/ethers-5.7.2.tgz 2265ms (cache miss)
301 http fetch GET 200 https://registry.npmjs.org/@swisstronik%2futils 635ms (cache miss)
302 silly packumentCache corgi:https://registry.npmjs.org/@swisstronik%2futils set size:undefined disposed:false
303 silly packumentCache corgi:https://registry.npmjs.org/@ethersproject%2fabstract-signer cache-miss
304 http fetch GET 200 https://registry.npmjs.org/@ethersproject%2fabstract-signer 84ms (cache hit)
305 silly packumentCache corgi:https://registry.npmjs.org/@ethersproject%2fabstract-signer set size:91647 disposed:false
306 silly packumentCache corgi:https://registry.npmjs.org/@ethersproject%2fhash cache-miss
307 http fetch GET 200 https://registry.npmjs.org/@ethersproject%2fhash 108ms (cache hit)
308 silly packumentCache corgi:https://registry.npmjs.org/@ethersproject%2fhash set size:80837 disposed:false
309 silly packumentCache corgi:https://registry.npmjs.org/@ethersproject%2fabi cache-miss
310 silly packumentCache corgi:https://registry.npmjs.org/@ethersproject%2fwordlists cache-miss
311 http fetch GET 200 https://registry.npmjs.org/@ethersproject%2fabi 74ms (cache hit)
312 silly packumentCache corgi:https://registry.npmjs.org/@ethersproject%2fabi set size:135291 disposed:false
313 http fetch GET 200 https://registry.npmjs.org/@ethersproject%2fwordlists 154ms (cache miss)
314 silly packumentCache corgi:https://registry.npmjs.org/@ethersproject%2fwordlists set size:undefined disposed:false
315 silly packumentCache corgi:https://registry.npmjs.org/hardhat cache-miss
316 http fetch GET 200 https://registry.npmjs.org/hardhat 66ms (cache hit)
317 silly packumentCache corgi:https://registry.npmjs.org/hardhat set size:515487 disposed:false
318 silly ADD node_modules/mime-db
319 silly ADD node_modules/delayed-stream
320 silly ADD node_modules/mime-types
321 silly ADD node_modules/combined-stream
322 silly ADD node_modules/asynckit
323 silly ADD node_modules/aes-js
324 silly ADD node_modules/@ethersproject/wordlists
325 silly ADD node_modules/@ethersproject/wallet
326 silly ADD node_modules/@ethersproject/units
327 silly ADD node_modules/@ethersproject/solidity
328 silly ADD node_modules/@ethersproject/sha2
329 silly ADD node_modules/@ethersproject/random
330 silly ADD node_modules/@ethersproject/providers
331 silly ADD node_modules/@ethersproject/providers/node_modules/ws
332 silly ADD node_modules/@ethersproject/providers/node_modules/bech32
333 silly ADD node_modules/@ethersproject/pbkdf2
334 silly ADD node_modules/@ethersproject/json-wallets
335 silly ADD node_modules/@ethersproject/hdnode
336 silly ADD node_modules/@ethersproject/contracts
337 silly ADD node_modules/@ethersproject/basex
338 silly ADD node_modules/proxy-from-env
339 silly ADD node_modules/form-data
340 silly ADD node_modules/uint32
341 silly ADD node_modules/bsaes
342 silly ADD node_modules/ethers
343 silly ADD node_modules/bech32
344 silly ADD node_modules/axios
345 silly ADD node_modules/@oasisprotocol/deoxysii
346 silly ADD node_modules/@swisstronik/utils
347 silly ADD node_modules/@swisstronik/utils/node_modules/rlp
348 silly ADD node_modules/@swisstronik/utils/node_modules/@noble/hashes
349 silly ADD
350 verbose cwd /root
351 verbose os Linux 6.8.0-36-generic
352 verbose node v18.19.1
353 verbose npm  v10.8.2
354 verbose exit 0
355 info ok
